<?xml version="1.0" encoding="utf-8"?>
<shfbBuild product="Sandcastle Help File Builder and Tools" version="2023.7.8.0" projectFile="E:\GitSpace\OpenVinoSharp\others\API 文档\API生成.shfbproj" started="2023/8/16 17:52:57">
<buildStep step="Initializing">
The Sandcastle tools are located in &#39;C:\Program Files (x86)\EWSoftware\Sandcastle Help File Builder&#39;
Locating components in the following folder(s):
    E:\GitSpace\OpenVinoSharp\others\API 文档
    C:\ProgramData\EWSoftware\Sandcastle Help File Builder\Components and Plug-Ins
    C:\Program Files (x86)\EWSoftware\Sandcastle Help File Builder\Components
Using framework reflection data for &#39;.NET Core/.NET Standard/.NET 5.0+&#39; located in &#39;C:\Program Files (x86)\EWSoftware\Sandcastle Help File Builder\Data\.NET&#39;
Using presentation style &#39;Default2022&#39; located in &#39;C:\Program Files (x86)\EWSoftware\Sandcastle Help File Builder\Components\Default2022&#39;
Loading and initializing plug-ins...
Website Table of Contents Generator Version 2023.7.8.0
Copyright &#169; 2006-2023, Eric Woodruff, All Rights Reserved
-------------------------------
Clearing any prior web/markdown output...
    Did not delete folder &#39;E:\GitSpace\OpenVINOSharp.docs\.git&#39; as it contains read-only or hidden folders/files
</buildStep>
<buildStep step="ValidatingDocumentationSources">
Validating and copying documentation source information
Source: E:\GitSpace\OpenVinoSharp\src\OpenVINOSharp\OpenVINOSharp.csproj
    Found project &#39;E:\GitSpace\OpenVinoSharp\src\OpenVINOSharp\OpenVINOSharp.csproj&#39;

Parsing project files
    Multi-targeted projects were found.  The common target framework &#39;net6.0&#39; will be used.  Override using the TargetFramework property on the documentation sources.
    Found assembly &#39;E:\GitSpace\OpenVinoSharp\src\OpenVINOSharp\bin\Release\net6.0\OpenVINOSharp.dll&#39; (.NETCoreApp 6.0)

References to include:
    Microsoft.CSharp
    Microsoft.VisualBasic
    Microsoft.VisualBasic.Core
    Microsoft.Win32.Primitives
    Microsoft.Win32.Registry
    Microsoft.Win32.SystemEvents
    mscorlib
    netstandard
    OpenCvSharp
    System
    System.AppContext
    System.Buffers
    System.Collections
    System.Collections.Concurrent
    System.Collections.Immutable
    System.Collections.NonGeneric
    System.Collections.Specialized
    System.ComponentModel
    System.ComponentModel.Annotations
    System.ComponentModel.DataAnnotations
    System.ComponentModel.EventBasedAsync
    System.ComponentModel.Primitives
    System.ComponentModel.TypeConverter
    System.Configuration
    System.Console
    System.Core
    System.Data
    System.Data.Common
    System.Data.DataSetExtensions
    System.Diagnostics.Contracts
    System.Diagnostics.Debug
    System.Diagnostics.DiagnosticSource
    System.Diagnostics.FileVersionInfo
    System.Diagnostics.Process
    System.Diagnostics.StackTrace
    System.Diagnostics.TextWriterTraceListener
    System.Diagnostics.Tools
    System.Diagnostics.TraceSource
    System.Diagnostics.Tracing
    System.Drawing
    System.Drawing.Common
    System.Drawing.Primitives
    System.Dynamic.Runtime
    System.Formats.Asn1
    System.Globalization
    System.Globalization.Calendars
    System.Globalization.Extensions
    System.IO
    System.IO.Compression
    System.IO.Compression.Brotli
    System.IO.Compression.FileSystem
    System.IO.Compression.ZipFile
    System.IO.FileSystem
    System.IO.FileSystem.AccessControl
    System.IO.FileSystem.DriveInfo
    System.IO.FileSystem.Primitives
    System.IO.FileSystem.Watcher
    System.IO.IsolatedStorage
    System.IO.MemoryMappedFiles
    System.IO.Pipes
    System.IO.Pipes.AccessControl
    System.IO.UnmanagedMemoryStream
    System.Linq
    System.Linq.Expressions
    System.Linq.Parallel
    System.Linq.Queryable
    System.Memory
    System.Net
    System.Net.Http
    System.Net.Http.Json
    System.Net.HttpListener
    System.Net.Mail
    System.Net.NameResolution
    System.Net.NetworkInformation
    System.Net.Ping
    System.Net.Primitives
    System.Net.Requests
    System.Net.Security
    System.Net.ServicePoint
    System.Net.Sockets
    System.Net.WebClient
    System.Net.WebHeaderCollection
    System.Net.WebProxy
    System.Net.WebSockets
    System.Net.WebSockets.Client
    System.Numerics
    System.Numerics.Vectors
    System.ObjectModel
    System.Reflection
    System.Reflection.DispatchProxy
    System.Reflection.Emit
    System.Reflection.Emit.ILGeneration
    System.Reflection.Emit.Lightweight
    System.Reflection.Extensions
    System.Reflection.Metadata
    System.Reflection.Primitives
    System.Reflection.TypeExtensions
    System.Resources.Reader
    System.Resources.ResourceManager
    System.Resources.Writer
    System.Runtime
    System.Runtime.CompilerServices.Unsafe
    System.Runtime.CompilerServices.VisualC
    System.Runtime.Extensions
    System.Runtime.Handles
    System.Runtime.InteropServices
    System.Runtime.InteropServices.RuntimeInformation
    System.Runtime.Intrinsics
    System.Runtime.Loader
    System.Runtime.Numerics
    System.Runtime.Serialization
    System.Runtime.Serialization.Formatters
    System.Runtime.Serialization.Json
    System.Runtime.Serialization.Primitives
    System.Runtime.Serialization.Xml
    System.Security
    System.Security.AccessControl
    System.Security.Claims
    System.Security.Cryptography.Algorithms
    System.Security.Cryptography.Cng
    System.Security.Cryptography.Csp
    System.Security.Cryptography.Encoding
    System.Security.Cryptography.OpenSsl
    System.Security.Cryptography.Primitives
    System.Security.Cryptography.X509Certificates
    System.Security.Principal
    System.Security.Principal.Windows
    System.Security.SecureString
    System.ServiceModel.Web
    System.ServiceProcess
    System.Text.Encoding
    System.Text.Encoding.CodePages
    System.Text.Encoding.Extensions
    System.Text.Encodings.Web
    System.Text.Json
    System.Text.RegularExpressions
    System.Threading
    System.Threading.Channels
    System.Threading.Overlapped
    System.Threading.Tasks
    System.Threading.Tasks.Dataflow
    System.Threading.Tasks.Extensions
    System.Threading.Tasks.Parallel
    System.Threading.Thread
    System.Threading.ThreadPool
    System.Threading.Timer
    System.Transactions
    System.Transactions.Local
    System.ValueTuple
    System.Web
    System.Web.HttpUtility
    System.Windows
    System.Xml
    System.Xml.Linq
    System.Xml.ReaderWriter
    System.Xml.Serialization
    System.Xml.XDocument
    System.Xml.XmlDocument
    System.Xml.XmlSerializer
    System.Xml.XPath
    System.Xml.XPath.XDocument
    WindowsBase

Copying XML comments files
    E:\GitSpace\OpenVinoSharp\src\OpenVINOSharp\bin\Release\net6.0\OpenVINOSharp.xml -&gt; E:\GitSpace\OpenVINOSharp.docs\Working\OpenVINOSharp.xml
</buildStep>
<buildStep step="GenerateSharedContent">
Generating shared content files (en-US, 英语(美国))...
    Last step completed in 00:00:00.0010
</buildStep>
<buildStep step="GenerateApiFilter">
Generating API filter for MRefBuilder...
    Last step completed in 00:00:00.0010
</buildStep>
<buildStep step="GenerateReflectionInfo">
Generating reflection information...
[C:\Program Files\Microsoft Visual Studio\2022\Community\MSBuild\Current\Bin\amd64\MSBuild.exe - GenerateRefInfo-065a382e-e813-433b-9475-310c2c5cad70.proj]
生成启动时间为 2023/8/16 17:52:58。

节点 1 上的项目“E:\GitSpace\OpenVINOSharp.docs\Working\GenerateRefInfo-065a382e-e813-433b-9475-310c2c5cad70.proj”(默认目标)。
PrepareForBuild:
  正在创建目录“obj\Debug\”。
GenerateBindingRedirects:
  ResolveAssemblyReferences 中没有建议的绑定重定向。
GenerateRefInfo:
  Microsoft.Build (v17.6.3+07e2947214f1a9f28a3517762c939d5bebb5f525)
  ? Microsoft Corporation. All rights reserved.
  No source code context base path specified.  Source context information is unavailable.
  Loaded 1 assemblies for reflection and 166 dependency assemblies.
  Wrote information on 5 namespaces, 45 types, and 560 members
  Merging duplicate type and member information
  Merged 0 duplicate type(s) and 0 duplicate member(s)
已完成生成项目“E:\GitSpace\OpenVINOSharp.docs\Working\GenerateRefInfo-065a382e-e813-433b-9475-310c2c5cad70.proj”(默认目标)的操作。
    Last step completed in 00:00:00.7919
</buildStep>
<buildStep step="ApplyDocumentModel">
Applying document model to reflection output...
    Last step completed in 00:00:00.0188
</buildStep>
<buildStep step="AddNamespaceGroups">
Adding namespace group entries...
Added 0 namespace group entries
    Last step completed in 00:00:00.0159
</buildStep>
<buildStep step="AddApiTopicFilenames">
Adding topic filenames to API members...
    Last step completed in 00:00:00.0120
</buildStep>
<buildStep step="GenerateApiTopicManifest">
Generating API topic manifest...
    Last step completed in 00:00:00.0189
</buildStep>
<buildStep step="GenerateNamespaceSummaries">
Generating namespace summary information...
    Last step completed in 00:00:00.5203
</buildStep>
<buildStep step="GenerateInheritedDocumentation">
Generating inherited documentation...
[C:\Program Files\Microsoft Visual Studio\2022\Community\MSBuild\Current\Bin\amd64\MSBuild.exe - GenerateInheritedDocs.proj]

    Last step completed in 00:00:01.4309
</buildStep>
<buildStep step="CopyAdditionalContent">
Copying additional content files...
No additional content to copy
    Last step completed in 00:00:00.0000
</buildStep>
<buildStep step="MergeTablesOfContents">
Merging conceptual and additional tables of contents...
    Last step completed in 00:00:00.0000
</buildStep>
<buildStep step="GenerateIntermediateTableOfContents">
Generating intermediate table of contents file for API content...
Generating conceptual content intermediate TOC file...
    Last step completed in 00:00:00.0133
</buildStep>
<buildStep step="CreateBuildAssemblerConfigs">
Creating Sandcastle configuration files...
    Last step completed in 00:00:00.3546
</buildStep>
<buildStep step="CombiningIntermediateTocFiles">
Combining conceptual and API intermediate TOC files...
    Last step completed in 00:00:00.0010
</buildStep>
<buildStep step="MergeCustomConfigs">
Merging custom build component configurations
E:\GitSpace\OpenVINOSharp.docs\Working\BuildAssembler.config
  Updating reference topic configurations.
  No conceptual content.  Removing conceptual content components.
    Last step completed in 00:00:00.0026
</buildStep>
<buildStep step="BuildTopics">
Building help topics...
<plugIn name="Website Table of Contents Generator" behavior="Before" priority="1000">
Loading TOC info and adding unique IDs to parent nodes
</plugIn>Loading configuration...
ResolveReferenceLinksComponent: The member ID URL cache &#39;C:\Users\Intel NUC\AppData\Local\EWSoftware\Sandcastle Help File Builder\Cache\MemberIdUrl.cache&#39; does not exist yet.  All IDs will be looked up in this build which will slow it down.
Processing topics...
TopicTransformation: [N:OpenVinoSharp] Unhandled transformation element: ingroupe  Parent element: summary
SHFB: Warning BE0066: ShowMissingComponent: [M:OpenVinoSharp.CompiledModel.#ctor(System.IntPtr)] Missing &lt;param name=&quot;ptr&quot;/&gt; documentation
SHFB: Warning BE0066: ShowMissingComponent: [M:OpenVinoSharp.CompiledModel.get_runtime_model] Missing &lt;returns&gt; documentation
SHFB: Warning BE0066: ResolveReferenceLinksComponent: [M:OpenVinoSharp.CompiledModel.input] The target attribute is missing or has no value.  You have most likely omitted a cref attribute or left it blank on an XML comments element such as see, seealso, or exception.
SHFB: Warning BE0066: ResolveReferenceLinksComponent: [M:OpenVinoSharp.CompiledModel.input(System.String)] The target attribute is missing or has no value.  You have most likely omitted a cref attribute or left it blank on an XML comments element such as see, seealso, or exception.
SHFB: Warning BE0066: ResolveReferenceLinksComponent: [M:OpenVinoSharp.CompiledModel.input(System.UInt64)] The target attribute is missing or has no value.  You have most likely omitted a cref attribute or left it blank on an XML comments element such as see, seealso, or exception.
SHFB: Warning BE0066: ResolveReferenceLinksComponent: [M:OpenVinoSharp.CompiledModel.output] The target attribute is missing or has no value.  You have most likely omitted a cref attribute or left it blank on an XML comments element such as see, seealso, or exception.
SHFB: Warning BE0066: ResolveReferenceLinksComponent: [M:OpenVinoSharp.CompiledModel.output(System.String)] The target attribute is missing or has no value.  You have most likely omitted a cref attribute or left it blank on an XML comments element such as see, seealso, or exception.
SHFB: Warning BE0066: ResolveReferenceLinksComponent: [M:OpenVinoSharp.CompiledModel.output(System.UInt64)] The target attribute is missing or has no value.  You have most likely omitted a cref attribute or left it blank on an XML comments element such as see, seealso, or exception.
SHFB: Warning BE0066: ShowMissingComponent: [F:OpenVinoSharp.CoreVersion.version] Missing &lt;summary&gt; documentation
SHFB: Warning BE0066: ShowMissingComponent: [M:OpenVinoSharp.InferRequest.#ctor(System.IntPtr)] Missing &lt;param name=&quot;ptr&quot;/&gt; documentation
SHFB: Warning BE0066: ResolveReferenceLinksComponent: [M:OpenVinoSharp.InferRequest.get_tensor(OpenVinoSharp.Node)] The target attribute is missing or has no value.  You have most likely omitted a cref attribute or left it blank on an XML comments element such as see, seealso, or exception.
SHFB: Warning BE0066: ResolveReferenceLinksComponent: [M:OpenVinoSharp.InferRequest.get_tensor(OpenVinoSharp.Output)] The target attribute is missing or has no value.  You have most likely omitted a cref attribute or left it blank on an XML comments element such as see, seealso, or exception.
SHFB: Warning BE0066: ResolveReferenceLinksComponent: [M:OpenVinoSharp.InferRequest.set_input_tensor(OpenVinoSharp.Tensor)] The target attribute is missing or has no value.  You have most likely omitted a cref attribute or left it blank on an XML comments element such as see, seealso, or exception.
SHFB: Warning BE0066: ResolveReferenceLinksComponent: [M:OpenVinoSharp.InferRequest.set_output_tensor(OpenVinoSharp.Tensor)] The target attribute is missing or has no value.  You have most likely omitted a cref attribute or left it blank on an XML comments element such as see, seealso, or exception.
SHFB: Warning BE0066: ShowMissingComponent: [M:OpenVinoSharp.InferRequest.set_tensor(OpenVinoSharp.Node,OpenVinoSharp.Tensor)] Missing &lt;param name=&quot;tensor&quot;/&gt; documentation
SHFB: Warning BE0066: ShowMissingComponent: [F:OpenVinoSharp.Input.m_index] Missing &lt;summary&gt; documentation
SHFB: Warning BE0066: ShowMissingComponent: [F:OpenVinoSharp.Input.m_node] Missing &lt;summary&gt; documentation
SHFB: Warning BE0066: ShowMissingComponent: [F:OpenVinoSharp.NativeMethods.dll_extern] Missing &lt;summary&gt; documentation
SHFB: Warning BE0066: ShowMissingComponent: [M:OpenVinoSharp.NativeMethods.ov_compiled_model_inputs_size(System.IntPtr,System.UInt64@)] Missing &lt;returns&gt; documentation
SHFB: Warning BE0066: ShowMissingComponent: [M:OpenVinoSharp.NativeMethods.ov_infer_request_set_tensor_by_port(System.IntPtr,System.IntPtr,System.IntPtr)] Missing &lt;param name=&quot;tensor&quot;/&gt; documentation
SHFB: Warning BE0066: ShowMissingComponent: [F:OpenVinoSharp.Output.m_index] Missing &lt;summary&gt; documentation
SHFB: Warning BE0066: ShowMissingComponent: [F:OpenVinoSharp.Output.m_node] Missing &lt;summary&gt; documentation
SHFB: Warning BE0066: ShowMissingComponent: [M:OpenVinoSharp.PartialShape.#ctor(System.IntPtr)] Missing &lt;param name=&quot;ptr&quot;/&gt; documentation
SHFB: Warning BE0066: ResolveReferenceLinksComponent: [M:OpenVinoSharp.Tensor.set_shape(OpenVinoSharp.Shape)] The target attribute is missing or has no value.  You have most likely omitted a cref attribute or left it blank on an XML comments element such as see, seealso, or exception.
SHFB: Warning BE0066: ShowMissingComponent: [M:OpenVinoSharp.Version.#ctor(System.String,System.String)] Missing &lt;param name=&quot;buildNumber&quot;/&gt; documentation
SHFB: Warning BE0066: ShowMissingComponent: [M:OpenVinoSharp.Version.#ctor(System.String,System.String)] Missing &lt;param name=&quot;description&quot;/&gt; documentation
SHFB: Warning BE0066: ShowMissingComponent: [N:OpenVinoSharp.core] Missing &lt;summary&gt; documentation
TopicTransformation: [N:OpenVinoSharp.element] Unhandled transformation element: ingroup  Parent element: summary
SHFB: Warning BE0066: ResolveReferenceLinksComponent: [M:OpenVinoSharp.element.Type.get_type_info(OpenVinoSharp.element.Type_t)] Unknown reference link target &#39;T:OpenVinoSharp.element.TypeInfo&#39;.
SHFB: Warning BE0066: ResolveReferenceLinksComponent: [F:OpenVinoSharp.model.Yolov8.PoseData.point] Unknown reference link target &#39;T:OpenCvSharp.Point&#39;.
SHFB: Warning BE0066: ResolveReferenceLinksComponent: [M:OpenVinoSharp.model.Yolov8.Result.add(System.Single,OpenCvSharp.Rect,OpenVinoSharp.model.Yolov8.PoseData)] Unknown reference link target &#39;T:OpenCvSharp.Rect&#39;.
SHFB: Warning BE0066: ResolveReferenceLinksComponent: [M:OpenVinoSharp.model.Yolov8.Result.add(System.Single,OpenCvSharp.Rect,System.Int32)] Unknown reference link target &#39;T:OpenCvSharp.Rect&#39;.
SHFB: Warning BE0066: ResolveReferenceLinksComponent: [M:OpenVinoSharp.model.Yolov8.Result.add(System.Single,OpenCvSharp.Rect,System.Int32,OpenCvSharp.Mat)] Unknown reference link target &#39;T:OpenCvSharp.Rect&#39;.
SHFB: Warning BE0066: ResolveReferenceLinksComponent: [M:OpenVinoSharp.model.Yolov8.Result.add(System.Single,OpenCvSharp.Rect,System.Int32,OpenCvSharp.Mat)] Unknown reference link target &#39;T:OpenCvSharp.Mat&#39;.
SHFB: Warning BE0066: ResolveReferenceLinksComponent: [F:OpenVinoSharp.model.Yolov8.Result.masks] Unknown reference link target &#39;T:OpenCvSharp.Mat&#39;.
SHFB: Warning BE0066: ResolveReferenceLinksComponent: [F:OpenVinoSharp.model.Yolov8.Result.rects] Unknown reference link target &#39;T:OpenCvSharp.Rect&#39;.
SHFB: Warning BE0066: ShowMissingComponent: [M:OpenVinoSharp.model.Yolov8.ResultProcess.#ctor(System.Single[],System.Int32,System.Single,System.Single)] Missing &lt;param name=&quot;categ_nums&quot;/&gt; documentation
SHFB: Warning BE0066: ResolveReferenceLinksComponent: [M:OpenVinoSharp.model.Yolov8.ResultProcess.draw_cls_result(System.Collections.Generic.KeyValuePair{System.Int32,System.Single},OpenCvSharp.Mat)] Unknown reference link target &#39;T:OpenCvSharp.Mat&#39;.
SHFB: Warning BE0066: ResolveReferenceLinksComponent: [M:OpenVinoSharp.model.Yolov8.ResultProcess.draw_cls_result(System.Collections.Generic.KeyValuePair{System.Int32,System.Single},OpenCvSharp.Mat)] Unknown reference link target &#39;T:OpenCvSharp.Mat&#39;.
SHFB: Warning BE0066: ShowMissingComponent: [M:OpenVinoSharp.model.Yolov8.ResultProcess.draw_det_result(OpenVinoSharp.model.Yolov8.Result,OpenCvSharp.Mat)] Missing &lt;returns&gt; documentation
SHFB: Warning BE0066: ResolveReferenceLinksComponent: [M:OpenVinoSharp.model.Yolov8.ResultProcess.draw_det_result(OpenVinoSharp.model.Yolov8.Result,OpenCvSharp.Mat)] Unknown reference link target &#39;T:OpenCvSharp.Mat&#39;.
SHFB: Warning BE0066: ResolveReferenceLinksComponent: [M:OpenVinoSharp.model.Yolov8.ResultProcess.draw_det_result(OpenVinoSharp.model.Yolov8.Result,OpenCvSharp.Mat)] Unknown reference link target &#39;T:OpenCvSharp.Mat&#39;.
SHFB: Warning BE0066: ShowMissingComponent: [M:OpenVinoSharp.model.Yolov8.ResultProcess.draw_pose_result(OpenVinoSharp.model.Yolov8.Result,OpenCvSharp.Mat,System.Double)] Missing &lt;returns&gt; documentation
SHFB: Warning BE0066: ShowMissingComponent: [M:OpenVinoSharp.model.Yolov8.ResultProcess.draw_pose_result(OpenVinoSharp.model.Yolov8.Result,OpenCvSharp.Mat,System.Double)] Missing &lt;param name=&quot;visual_thresh&quot;/&gt; documentation
SHFB: Warning BE0066: ResolveReferenceLinksComponent: [M:OpenVinoSharp.model.Yolov8.ResultProcess.draw_pose_result(OpenVinoSharp.model.Yolov8.Result,OpenCvSharp.Mat,System.Double)] Unknown reference link target &#39;T:OpenCvSharp.Mat&#39;.
SHFB: Warning BE0066: ResolveReferenceLinksComponent: [M:OpenVinoSharp.model.Yolov8.ResultProcess.draw_pose_result(OpenVinoSharp.model.Yolov8.Result,OpenCvSharp.Mat,System.Double)] Unknown reference link target &#39;T:OpenCvSharp.Mat&#39;.
SHFB: Warning BE0066: ShowMissingComponent: [M:OpenVinoSharp.model.Yolov8.ResultProcess.draw_poses(OpenVinoSharp.model.Yolov8.PoseData,OpenCvSharp.Mat@,System.Double)] Missing &lt;param name=&quot;visual_thresh&quot;/&gt; documentation
SHFB: Warning BE0066: ResolveReferenceLinksComponent: [M:OpenVinoSharp.model.Yolov8.ResultProcess.draw_poses(OpenVinoSharp.model.Yolov8.PoseData,OpenCvSharp.Mat@,System.Double)] Unknown reference link target &#39;T:OpenCvSharp.Mat&#39;.
SHFB: Warning BE0066: ShowMissingComponent: [M:OpenVinoSharp.model.Yolov8.ResultProcess.draw_seg_result(OpenVinoSharp.model.Yolov8.Result,OpenCvSharp.Mat)] Missing &lt;returns&gt; documentation
SHFB: Warning BE0066: ResolveReferenceLinksComponent: [M:OpenVinoSharp.model.Yolov8.ResultProcess.draw_seg_result(OpenVinoSharp.model.Yolov8.Result,OpenCvSharp.Mat)] Unknown reference link target &#39;T:OpenCvSharp.Mat&#39;.
SHFB: Warning BE0066: ResolveReferenceLinksComponent: [M:OpenVinoSharp.model.Yolov8.ResultProcess.draw_seg_result(OpenVinoSharp.model.Yolov8.Result,OpenCvSharp.Mat)] Unknown reference link target &#39;T:OpenCvSharp.Mat&#39;.
SHFB: Warning BE0066: ShowMissingComponent: [M:OpenVinoSharp.model.Yolov8.ResultProcess.process_seg_result(System.Single[],System.Single[])] Missing &lt;returns&gt; documentation
SHFB: Warning BE0066: ShowMissingComponent: [M:OpenVinoSharp.model.Yolov8.ResultProcess.sigmoid(System.Single)] Missing &lt;returns&gt; documentation
SHFB: Warning BE0066: ShowMissingComponent: [M:OpenVinoSharp.model.Yolov8.ResultProcess.sigmoid(System.Single)] Missing &lt;param name=&quot;a&quot;/&gt; documentation
SHFB: Warning BE0066: ShowMissingComponent: [M:OpenVinoSharp.preprocess.InputTensorInfo.set_color_format(OpenVinoSharp.preprocess.ColorFormat,System.UInt64)] Missing &lt;summary&gt; documentation
SHFB: Warning BE0066: ShowMissingComponent: [M:OpenVinoSharp.preprocess.InputTensorInfo.set_color_format(OpenVinoSharp.preprocess.ColorFormat,System.UInt64)] Missing &lt;param name=&quot;format&quot;/&gt; documentation
SHFB: Warning BE0066: ShowMissingComponent: [M:OpenVinoSharp.preprocess.InputTensorInfo.set_color_format(OpenVinoSharp.preprocess.ColorFormat,System.UInt64)] Missing &lt;param name=&quot;sub_names_size&quot;/&gt; documentation
SHFB: Warning BE0066: ShowMissingComponent: [M:OpenVinoSharp.preprocess.InputTensorInfo.set_from(OpenVinoSharp.Tensor)] Missing &lt;summary&gt; documentation
SHFB: Warning BE0066: ShowMissingComponent: [M:OpenVinoSharp.preprocess.InputTensorInfo.set_from(OpenVinoSharp.Tensor)] Missing &lt;returns&gt; documentation
SHFB: Warning BE0066: ShowMissingComponent: [M:OpenVinoSharp.preprocess.InputTensorInfo.set_from(OpenVinoSharp.Tensor)] Missing &lt;param name=&quot;runtime_tensor&quot;/&gt; documentation
SHFB: Warning BE0066: ShowMissingComponent: [T:OpenVinoSharp.preprocess.OvMat] Missing &lt;summary&gt; documentation
SHFB: Warning BE0066: ShowMissingComponent: [M:OpenVinoSharp.preprocess.OvMat.#ctor(System.Byte[],System.UInt64,System.Int32,System.Int32,System.Int32,OpenVinoSharp.ElementType)] Missing &lt;param name=&quot;mat_data&quot;/&gt; documentation
SHFB: Warning BE0066: ShowMissingComponent: [M:OpenVinoSharp.preprocess.OvMat.#ctor(System.Byte[],System.UInt64,System.Int32,System.Int32,System.Int32,OpenVinoSharp.ElementType)] Missing &lt;param name=&quot;mat_data_size&quot;/&gt; documentation
SHFB: Warning BE0066: ShowMissingComponent: [M:OpenVinoSharp.preprocess.OvMat.#ctor(System.Byte[],System.UInt64,System.Int32,System.Int32,System.Int32,OpenVinoSharp.ElementType)] Missing &lt;param name=&quot;mat_width&quot;/&gt; documentation
SHFB: Warning BE0066: ShowMissingComponent: [M:OpenVinoSharp.preprocess.OvMat.#ctor(System.Byte[],System.UInt64,System.Int32,System.Int32,System.Int32,OpenVinoSharp.ElementType)] Missing &lt;param name=&quot;mat_height&quot;/&gt; documentation
SHFB: Warning BE0066: ShowMissingComponent: [M:OpenVinoSharp.preprocess.OvMat.#ctor(System.Byte[],System.UInt64,System.Int32,System.Int32,System.Int32,OpenVinoSharp.ElementType)] Missing &lt;param name=&quot;mat_channels&quot;/&gt; documentation
SHFB: Warning BE0066: ShowMissingComponent: [M:OpenVinoSharp.preprocess.OvMat.#ctor(System.Byte[],System.UInt64,System.Int32,System.Int32,System.Int32,OpenVinoSharp.ElementType)] Missing &lt;param name=&quot;mat_type&quot;/&gt; documentation
SHFB: Warning BE0066: ShowMissingComponent: [M:OpenVinoSharp.preprocess.OvMat.#ctor(System.String)] Missing &lt;param name=&quot;image_path&quot;/&gt; documentation
SHFB: Warning BE0066: ShowMissingComponent: [P:OpenVinoSharp.preprocess.OvMat.mat_channels] Missing &lt;summary&gt; documentation
SHFB: Warning BE0066: ShowMissingComponent: [P:OpenVinoSharp.preprocess.OvMat.mat_data] Missing &lt;summary&gt; documentation
SHFB: Warning BE0066: ShowMissingComponent: [P:OpenVinoSharp.preprocess.OvMat.mat_data_size] Missing &lt;summary&gt; documentation
SHFB: Warning BE0066: ShowMissingComponent: [P:OpenVinoSharp.preprocess.OvMat.mat_height] Missing &lt;summary&gt; documentation
SHFB: Warning BE0066: ShowMissingComponent: [P:OpenVinoSharp.preprocess.OvMat.mat_type] Missing &lt;summary&gt; documentation
SHFB: Warning BE0066: ShowMissingComponent: [P:OpenVinoSharp.preprocess.OvMat.mat_width] Missing &lt;summary&gt; documentation
SHFB: Warning BE0066: ShowMissingComponent: [M:OpenVinoSharp.preprocess.OvMat.read(System.String)] Missing &lt;summary&gt; documentation
SHFB: Warning BE0066: ShowMissingComponent: [M:OpenVinoSharp.preprocess.OvMat.read(System.String)] Missing &lt;returns&gt; documentation
SHFB: Warning BE0066: ShowMissingComponent: [M:OpenVinoSharp.preprocess.OvMat.read(System.String)] Missing &lt;param name=&quot;image_path&quot;/&gt; documentation
Processed 657 topic(s)
76 warning(s)
CopyFromIndexComponent: &quot;reflection&quot; in-memory cache entries used: 3 of 15.
CopyFromIndexComponent: &quot;comments&quot; in-memory cache entries used: 1 of 30.
<plugIn name="Website Table of Contents Generator" behavior="After" priority="1000">
Generating TOC fragment files
</plugIn>    Last step completed in 00:00:11.3213
</buildStep>
<buildStep step="CopyStandardHelpContent">
Copying standard help content...
C:\Program Files (x86)\EWSoftware\Sandcastle Help File Builder\Components\Default2022\css\bulma.css -&gt; E:\GitSpace\OpenVINOSharp.docs\Working\Output\Website\css\bulma.css
C:\Program Files (x86)\EWSoftware\Sandcastle Help File Builder\Components\Default2022\css\bulma.css.map -&gt; E:\GitSpace\OpenVINOSharp.docs\Working\Output\Website\css\bulma.css.map
C:\Program Files (x86)\EWSoftware\Sandcastle Help File Builder\Components\Default2022\css\bulma.min.css -&gt; E:\GitSpace\OpenVINOSharp.docs\Working\Output\Website\css\bulma.min.css
C:\Program Files (x86)\EWSoftware\Sandcastle Help File Builder\Components\Default2022\css\font-awesome.css -&gt; E:\GitSpace\OpenVINOSharp.docs\Working\Output\Website\css\font-awesome.css
C:\Program Files (x86)\EWSoftware\Sandcastle Help File Builder\Components\Default2022\css\font-awesome.min.css -&gt; E:\GitSpace\OpenVINOSharp.docs\Working\Output\Website\css\font-awesome.min.css
C:\Program Files (x86)\EWSoftware\Sandcastle Help File Builder\Components\Default2022\css\ja-JP.css -&gt; E:\GitSpace\OpenVINOSharp.docs\Working\Output\Website\css\ja-JP.css
C:\Program Files (x86)\EWSoftware\Sandcastle Help File Builder\Components\Default2022\css\ko-KR.css -&gt; E:\GitSpace\OpenVINOSharp.docs\Working\Output\Website\css\ko-KR.css
C:\Program Files (x86)\EWSoftware\Sandcastle Help File Builder\Components\Default2022\css\presentationStyle.css -&gt; E:\GitSpace\OpenVINOSharp.docs\Working\Output\Website\css\presentationStyle.css
C:\Program Files (x86)\EWSoftware\Sandcastle Help File Builder\Components\Default2022\css\vs.min.css -&gt; E:\GitSpace\OpenVINOSharp.docs\Working\Output\Website\css\vs.min.css
C:\Program Files (x86)\EWSoftware\Sandcastle Help File Builder\Components\Default2022\css\zh-CN.css -&gt; E:\GitSpace\OpenVINOSharp.docs\Working\Output\Website\css\zh-CN.css
C:\Program Files (x86)\EWSoftware\Sandcastle Help File Builder\Components\Default2022\css\zh-TW.css -&gt; E:\GitSpace\OpenVINOSharp.docs\Working\Output\Website\css\zh-TW.css
C:\Program Files (x86)\EWSoftware\Sandcastle Help File Builder\Components\Default2022\icons\favicon.ico -&gt; E:\GitSpace\OpenVINOSharp.docs\Working\Output\Website\icons\favicon.ico
C:\Program Files (x86)\EWSoftware\Sandcastle Help File Builder\Components\Default2022\scripts\clipboard.min.js -&gt; E:\GitSpace\OpenVINOSharp.docs\Working\Output\Website\scripts\clipboard.min.js
C:\Program Files (x86)\EWSoftware\Sandcastle Help File Builder\Components\Default2022\scripts\highlight.min.js -&gt; E:\GitSpace\OpenVINOSharp.docs\Working\Output\Website\scripts\highlight.min.js
C:\Program Files (x86)\EWSoftware\Sandcastle Help File Builder\Components\Default2022\scripts\jquery-3.5.1.min.js -&gt; E:\GitSpace\OpenVINOSharp.docs\Working\Output\Website\scripts\jquery-3.5.1.min.js
C:\Program Files (x86)\EWSoftware\Sandcastle Help File Builder\Components\Default2022\scripts\presentationStyle.js -&gt; E:\GitSpace\OpenVINOSharp.docs\Working\Output\Website\scripts\presentationStyle.js
C:\Program Files (x86)\EWSoftware\Sandcastle Help File Builder\Components\Default2022\webfonts\fa-brands-400.ttf -&gt; E:\GitSpace\OpenVINOSharp.docs\Working\Output\Website\webfonts\fa-brands-400.ttf
C:\Program Files (x86)\EWSoftware\Sandcastle Help File Builder\Components\Default2022\webfonts\fa-brands-400.woff2 -&gt; E:\GitSpace\OpenVINOSharp.docs\Working\Output\Website\webfonts\fa-brands-400.woff2
C:\Program Files (x86)\EWSoftware\Sandcastle Help File Builder\Components\Default2022\webfonts\fa-regular-400.ttf -&gt; E:\GitSpace\OpenVINOSharp.docs\Working\Output\Website\webfonts\fa-regular-400.ttf
C:\Program Files (x86)\EWSoftware\Sandcastle Help File Builder\Components\Default2022\webfonts\fa-regular-400.woff2 -&gt; E:\GitSpace\OpenVINOSharp.docs\Working\Output\Website\webfonts\fa-regular-400.woff2
C:\Program Files (x86)\EWSoftware\Sandcastle Help File Builder\Components\Default2022\webfonts\fa-solid-900.ttf -&gt; E:\GitSpace\OpenVINOSharp.docs\Working\Output\Website\webfonts\fa-solid-900.ttf
C:\Program Files (x86)\EWSoftware\Sandcastle Help File Builder\Components\Default2022\webfonts\fa-solid-900.woff2 -&gt; E:\GitSpace\OpenVINOSharp.docs\Working\Output\Website\webfonts\fa-solid-900.woff2
C:\Program Files (x86)\EWSoftware\Sandcastle Help File Builder\Components\Default2022\webfonts\fa-v4compatibility.ttf -&gt; E:\GitSpace\OpenVINOSharp.docs\Working\Output\Website\webfonts\fa-v4compatibility.ttf
C:\Program Files (x86)\EWSoftware\Sandcastle Help File Builder\Components\Default2022\webfonts\fa-v4compatibility.woff2 -&gt; E:\GitSpace\OpenVINOSharp.docs\Working\Output\Website\webfonts\fa-v4compatibility.woff2
C:\Program Files (x86)\EWSoftware\Sandcastle Help File Builder\Components\Default2022\RootWebsiteContent\GeneralError.html -&gt; E:\GitSpace\OpenVINOSharp.docs\Working\Output\Website\GeneralError.html
C:\Program Files (x86)\EWSoftware\Sandcastle Help File Builder\Components\Default2022\RootWebsiteContent\index.html -&gt; E:\GitSpace\OpenVINOSharp.docs\Working\Output\Website\index.html
C:\Program Files (x86)\EWSoftware\Sandcastle Help File Builder\Components\Default2022\RootWebsiteContent\PageNotFound.html -&gt; E:\GitSpace\OpenVINOSharp.docs\Working\Output\Website\PageNotFound.html
C:\Program Files (x86)\EWSoftware\Sandcastle Help File Builder\Components\Default2022\RootWebsiteContent\search.html -&gt; E:\GitSpace\OpenVINOSharp.docs\Working\Output\Website\search.html
C:\Program Files (x86)\EWSoftware\Sandcastle Help File Builder\Components\Default2022\RootWebsiteContent\SearchHelp.aspx -&gt; E:\GitSpace\OpenVINOSharp.docs\Working\Output\Website\SearchHelp.aspx
C:\Program Files (x86)\EWSoftware\Sandcastle Help File Builder\Components\Default2022\RootWebsiteContent\SearchHelp.inc.php -&gt; E:\GitSpace\OpenVINOSharp.docs\Working\Output\Website\SearchHelp.inc.php
C:\Program Files (x86)\EWSoftware\Sandcastle Help File Builder\Components\Default2022\RootWebsiteContent\SearchHelp.php -&gt; E:\GitSpace\OpenVINOSharp.docs\Working\Output\Website\SearchHelp.php
C:\Program Files (x86)\EWSoftware\Sandcastle Help File Builder\Components\Default2022\RootWebsiteContent\Web.Config -&gt; E:\GitSpace\OpenVINOSharp.docs\Working\Output\Website\Web.Config
    Last step completed in 00:00:00.0170
</buildStep>
<buildStep step="GenerateFullTextIndex">
Generating full-text index for the website...

    Last step completed in 00:00:00.2428
</buildStep>
<buildStep step="CopyingWebsiteFiles">
Copying website files to output folder...

Copied 500 files
Copied 878 files for the website content
    Last step completed in 00:00:00.2421
</buildStep>
<buildStep step="CleanIntermediates">
Removing intermediate files...
    Last step completed in 00:00:00.0736
</buildStep>
<buildStep step="Completed">

Build completed successfully at 2023/8/16 17:53:13.  Total time: 00:00:15.5843

</buildStep>
</shfbBuild>
